Pilah Sampah/Temp/gradleOut/launcher/build/outputs/logs/manifest-merger-release-report.txt
-- Merging decision tree log ---
manifest
ADDED from src\main\AndroidManifest.xml:3:1-6:12
INJECTED from src\main\AndroidManifest.xml:3:1-6:12
INJECTED from src\main\AndroidManifest.xml:3:1-6:12
INJECTED from src\main\AndroidManifest.xml:3:1-6:12
MERGED from [:unityLibrary] AndroidManifest.xml:3:1-64:12
INJECTED from src\main\AndroidManifest.xml:3:1-6:12
INJECTED from src\main\AndroidManifest.xml:3:1-6:12
INJECTED from src\main\AndroidManifest.xml:3:1-6:12
	package
		ADDED from src\main\AndroidManifest.xml:3:70-119
		INJECTED from src\main\AndroidManifest.xml
		INJECTED from src\main\AndroidManifest.xml
	android:versionName
		INJECTED from src\main\AndroidManifest.xml
		ADDED from src\main\AndroidManifest.xml:3:1-6:12
		INJECTED from src\main\AndroidManifest.xml
	xmlns:tools
		ADDED from src\main\AndroidManifest.xml:3:120-166
	android:versionCode
		INJECTED from src\main\AndroidManifest.xml
		ADDED from src\main\AndroidManifest.xml:3:1-6:12
		INJECTED from src\main\AndroidManifest.xml
	xmlns:android
		ADDED from src\main\AndroidManifest.xml:3:11-69
	android:installLocation
		ADDED from src\main\AndroidManifest.xml:3:167-207
supports-screens
ADDED from src\main\AndroidManifest.xml:4:3-163
	android:largeScreens
		ADDED from src\main\AndroidManifest.xml:4:78-105
	android:smallScreens
		ADDED from src\main\AndroidManifest.xml:4:21-48
	android:normalScreens
		ADDED from src\main\AndroidManifest.xml:4:49-77
	android:xlargeScreens
		ADDED from src\main\AndroidManifest.xml:4:106-134
	android:anyDensity
		ADDED from src\main\AndroidManifest.xml:4:135-160
application
ADDED from src\main\AndroidManifest.xml:5:3-83
MERGED from [:unityLibrary] AndroidManifest.xml:24:5-62:19
MERGED from [:unityLibrary] AndroidManifest.xml:24:5-62:19
	android:label
		ADDED from src\main\AndroidManifest.xml:5:16-48
	android:icon
		ADDED from src\main\AndroidManifest.xml:5:49-80
uses-sdk
INJECTED from src\main\AndroidManifest.xml reason: use-sdk injection requested
INJECTED from src\main\AndroidManifest.xml
INJECTED from src\main\AndroidManifest.xml
MERGED from [:unityLibrary] AndroidManifest.xml:9:5-11:41
MERGED from [:unityLibrary] AndroidManifest.xml:9:5-11:41
INJECTED from src\main\AndroidManifest.xml
INJECTED from src\main\AndroidManifest.xml
	android:targetSdkVersion
		INJECTED from src\main\AndroidManifest.xml
		ADDED from src\main\AndroidManifest.xml
		INJECTED from src\main\AndroidManifest.xml
	android:minSdkVersion
		INJECTED from src\main\AndroidManifest.xml
		ADDED from src\main\AndroidManifest.xml
		INJECTED from src\main\AndroidManifest.xml
uses-feature#0x00020000
ADDED from [:unityLibrary] AndroidManifest.xml:13:5-54
	android:glEsVersion
		ADDED from [:unityLibrary] AndroidManifest.xml:13:19-51
uses-feature#android.hardware.touchscreen
ADDED from [:unityLibrary] AndroidManifest.xml:14:5-16:36
	android:required
		ADDED from [:unityLibrary] AndroidManifest.xml:16:9-33
	android:name
		ADDED from [:unityLibrary] AndroidManifest.xml:15:9-52
uses-feature#android.hardware.touchscreen.multitouch
ADDED from [:unityLibrary] AndroidManifest.xml:17:5-19:36
	android:required
		ADDED from [:unityLibrary] AndroidManifest.xml:19:9-33
	android:name
		ADDED from [:unityLibrary] AndroidManifest.xml:18:9-63
uses-feature#android.hardware.touchscreen.multitouch.distinct
ADDED from [:unityLibrary] AndroidManifest.xml:20:5-22:36
	android:required
		ADDED from [:unityLibrary] AndroidManifest.xml:22:9-33
	android:name
		ADDED from [:unityLibrary] AndroidManifest.xml:21:9-72
activity#com.unity3d.player.UnityPlayerActivity
ADDED from [:unityLibrary] AndroidManifest.xml:25:9-45:20
	android:maxAspectRatio
		ADDED from [:unityLibrary] AndroidManifest.xml:30:13-42
	android:screenOrientation
		ADDED from [:unityLibrary] AndroidManifest.xml:31:13-56
	android:launchMode
		ADDED from [:unityLibrary] AndroidManifest.xml:29:13-44
	android:hardwareAccelerated
		ADDED from [:unityLibrary] AndroidManifest.xml:28:13-48
	android:configChanges
		ADDED from [:unityLibrary] AndroidManifest.xml:27:13-194
	android:theme
		ADDED from [:unityLibrary] AndroidManifest.xml:32:13-54
	android:name
		ADDED from [:unityLibrary] AndroidManifest.xml:26:13-66
intent-filter#action:name:android.intent.action.MAIN+category:name:android.intent.category.LAUNCHER
ADDED from [:unityLibrary] AndroidManifest.xml:33:13-37:29
action#android.intent.action.MAIN
ADDED from [:unityLibrary] AndroidManifest.xml:34:17-69
	android:name
		ADDED from [:unityLibrary] AndroidManifest.xml:34:25-66
category#android.intent.category.LAUNCHER
ADDED from [:unityLibrary] AndroidManifest.xml:36:17-77
	android:name
		ADDED from [:unityLibrary] AndroidManifest.xml:36:27-74
meta-data#unityplayer.UnityActivity
ADDED from [:unityLibrary] AndroidManifest.xml:39:13-41:40
	android:value
		ADDED from [:unityLibrary] AndroidManifest.xml:41:17-37
	android:name
		ADDED from [:unityLibrary] AndroidManifest.xml:40:17-57
meta-data#android.notch_support
ADDED from [:unityLibrary] AndroidManifest.xml:42:13-44:40
	android:value
		ADDED from [:unityLibrary] AndroidManifest.xml:44:17-37
	android:name
		ADDED from [:unityLibrary] AndroidManifest.xml:43:17-53
meta-data#unity.splash-mode
ADDED from [:unityLibrary] AndroidManifest.xml:47:9-49:33
	android:value
		ADDED from [:unityLibrary] AndroidManifest.xml:49:13-30
	android:name
		ADDED from [:unityLibrary] AndroidManifest.xml:48:13-45
meta-data#unity.splash-enable
ADDED from [:unityLibrary] AndroidManifest.xml:50:9-52:36
	android:value
		ADDED from [:unityLibrary] AndroidManifest.xml:52:13-33
	android:name
		ADDED from [:unityLibrary] AndroidManifest.xml:51:13-47
meta-data#android.max_aspect
ADDED from [:unityLibrary] AndroidManifest.xml:53:9-55:36
	android:value
		ADDED from [:unityLibrary] AndroidManifest.xml:55:13-33
	android:name
		ADDED from [:unityLibrary] AndroidManifest.xml:54:13-46
meta-data#notch.config
ADDED from [:unityLibrary] AndroidManifest.xml:56:9-58:50
	android:value
		ADDED from [:unityLibrary] AndroidManifest.xml:58:13-47
	android:name
		ADDED from [:unityLibrary] AndroidManifest.xml:57:13-40
meta-data#unity.build-id
ADDED from [:unityLibrary] AndroidManifest.xml:59:9-61:68
	android:value
		ADDED from [:unityLibrary] AndroidManifest.xml:61:13-65
	android:name
		ADDED from [:unityLibrary] AndroidManifest.xml:60:13-42